<?xml version="1.0" encoding="UTF-8"?>
<!-- Generated by org.testng.reporters.JUnitXMLReporter -->
<testsuite hostname="parrot" ignored="0" name="Test" tests="6" failures="0" timestamp="2020-09-17T18:30:20 IST" time="0.059" errors="0">
  <testcase name="testOne" time="0.006" classname="annotations.BeforeAfter"/>
  <testcase name="testTwo" time="0.001" classname="annotations.BeforeAfter"/>
  <testcase name="testFour" time="0.001" classname="annotations.WithGroups"/>
  <testcase name="testOne" time="0.002" classname="annotations.WithGroups"/>
  <testcase name="testThree" time="0.001" classname="annotations.WithGroups"/>
  <testcase name="testTwo" time="0.001" classname="annotations.WithGroups"/>
</testsuite> <!-- Test -->
