<?xml version="1.0" encoding="UTF-8"?>
<!-- Generated by org.testng.reporters.JUnitXMLReporter -->
<testsuite hostname="parrot" ignored="0" name="test" tests="4" failures="1" timestamp="2020-09-18T17:55:28 IST" time="0.068" errors="0">
  <testcase name="testA" time="0.008" classname="dependencies.DependXML"/>
  <testcase name="testB" time="0.005" classname="dependencies.DependXML">
    <failure type="java.lang.AssertionError" message="expected [false] but found [true]">
      <![CDATA[java.lang.AssertionError: expected [false] but found [true]
at dependencies.DependXML.testB(DependXML.java:18)
at java.util.ArrayList.forEach(ArrayList.java:1257)
... Removed 31 stack frames]]>
    </failure>
  </testcase> <!-- testB -->
  <testcase name="testC" time="0.0" classname="dependencies.DependXML">
    <skipped/>
  </testcase> <!-- testC -->
  <testcase name="testD" time="0.001" classname="dependencies.DependXML"/>
</testsuite> <!-- test -->
