<?xml version="1.0" encoding="UTF-8"?>
<!-- Generated by org.testng.reporters.JUnitXMLReporter -->
<testsuite hostname="parrot" ignored="0" name="Default test" tests="4" failures="0" timestamp="2020-09-18T16:17:35 IST" time="28.551" errors="0">
  <testcase name="testOne" time="0.009" classname="parameters.UsingDataProvider"/>
  <testcase name="testOne" time="0.001" classname="parameters.UsingDataProvider"/>
  <testcase name="testOne" time="0.002" classname="parameters.UsingDataProvider"/>
  <testcase name="testTwo" time="0.001" classname="parameters.UsingDataProvider"/>
</testsuite> <!-- Default test -->
