<?xml version="1.0" encoding="UTF-8"?>
<!-- Generated by org.testng.reporters.JUnitXMLReporter -->
<testsuite hostname="parrot" ignored="0" name="Default test" tests="3" failures="0" timestamp="2020-09-18T16:04:13 IST" time="50.788" errors="0">
  <testcase name="testOne" time="0.009" classname="parameters.UsingDataProvider"/>
  <testcase name="testOne" time="0.002" classname="parameters.UsingDataProvider"/>
  <testcase name="testOne" time="0.001" classname="parameters.UsingDataProvider"/>
</testsuite> <!-- Default test -->
