<?xml version="1.0" encoding="UTF-8"?>
<!-- Generated by org.testng.reporters.JUnitXMLReporter -->
<testsuite hostname="parrot" ignored="3" name="testDemo" tests="2" failures="1" timestamp="2020-09-18T17:22:29 IST" time="0.078" errors="0">
  <testcase name="testFour" time="0.012" classname="dependencies.DependAnnot">
    <failure type="java.lang.AssertionError">
      <![CDATA[java.lang.AssertionError
at org.junit.Assert.fail(Assert.java:86)
at org.junit.Assert.assertTrue(Assert.java:41)
at org.junit.Assert.assertFalse(Assert.java:64)
at org.junit.Assert.assertFalse(Assert.java:74)
at dependencies.DependAnnot.testFour(DependAnnot.java:45)
at java.util.ArrayList.forEach(ArrayList.java:1257)
... Removed 27 stack frames]]>
    </failure>
  </testcase> <!-- testFour -->
  <testcase name="testFive" time="0.001" classname="dependencies.DependAnnot"/>
  <testcase name="testOne" time="0.0" classname="dependencies.DependAnnot">
    <ignored/>
  </testcase> <!-- testOne -->
  <testcase name="testTwo" time="0.0" classname="dependencies.DependAnnot">
    <ignored/>
  </testcase> <!-- testTwo -->
  <testcase name="testThree" time="0.0" classname="dependencies.DependAnnot">
    <ignored/>
  </testcase> <!-- testThree -->
</testsuite> <!-- testDemo -->
