<?xml version="1.0" encoding="UTF-8"?>
<!-- Generated by org.testng.reporters.JUnitXMLReporter -->
<testsuite hostname="parrot" ignored="0" name="example1" tests="3" failures="0" timestamp="2020-09-17T19:07:02 IST" time="0.02" errors="0">
  <testcase name="testOne" time="0.007" classname="parameters.UsingTestNGxml"/>
  <testcase name="testSingleString" time="0.002" classname="parameters.UsingTestNGxml"/>
  <testcase name="testTwo" time="0.002" classname="parameters.UsingTestNGxml"/>
</testsuite> <!-- example1 -->
